[32mSat Sep 21 13:49:27 2024
 |   INFO |      unknown | Main starting ...[0m

[34mSat Sep 21 13:49:28 2024
 |  DEBUG |      unknown | Main starting ...[0m

[34mSat Sep 21 13:49:30 2024
 |  DEBUG |      unknown | Main starting ...[0m

[34mSat Sep 21 13:49:31 2024
 |  DEBUG |      unknown | Main starting ...[0m

[34mSat Sep 21 13:49:32 2024
 |  DEBUG |      unknown | Main starting ...[0m

[34mSat Sep 21 13:49:34 2024
 |  DEBUG |      unknown | Main starting ...[0m

[32mSat Sep 21 13:51:19 2024
 |   INFO |      unknown | Main starting ...[0m/n
[34mSat Sep 21 13:51:21 2024
 |  DEBUG |      unknown | Main starting ...[0m/n
[34mSat Sep 21 13:51:22 2024
 |  DEBUG |      unknown | Main starting ...[0m/n
[32mSat Sep 21 13:51:43 2024
 |   INFO |      unknown | Main starting ...[0m

[34mSat Sep 21 13:51:44 2024
 |  DEBUG |      unknown | Main starting ...[0m

[34mSat Sep 21 13:51:46 2024
 |  DEBUG |      unknown | Main starting ...[0m

[32mSat Sep 21 13:58:16 2024 |   INFO |      unknown | Main starting ...[0m

[34mSat Sep 21 13:58:18 2024 |  DEBUG |      unknown | Main starting ...[0m

[34mSat Sep 21 13:58:19 2024 |  DEBUG |      unknown | Main starting ...[0m

[34mSat Sep 21 13:58:21 2024 |  DEBUG |      unknown | Main starting ...[0m

[34mSat Sep 21 13:58:22 2024 |  DEBUG |      unknown | Main starting ...[0m

[34mSat Sep 21 13:58:23 2024 |  DEBUG |      unknown | Main starting ...[0m

[34mSat Sep 21 13:58:25 2024 |  DEBUG |      unknown | Main starting ...[0m

[34mSat Sep 21 13:58:26 2024 |  DEBUG |      unknown | Main starting ...[0m

[34mSat Sep 21 13:58:28 2024 |  DEBUG |      unknown | Main starting ...[0m

[34mSat Sep 21 13:58:29 2024 |  DEBUG |      unknown | Main starting ...[0m

[34mSat Sep 21 13:58:30 2024 |  DEBUG |      unknown | Main starting ...[0m

[32mSat Sep 21 13:58:36 2024 |   INFO |      unknown | Main starting ...[0m

[34mSat Sep 21 13:58:37 2024 |  DEBUG |      unknown | Main starting ...[0m

[34mSat Sep 21 13:58:38 2024 |  DEBUG |      unknown | Main starting ...[0m

[34mSat Sep 21 13:58:40 2024 |  DEBUG |      unknown | Main starting ...[0m

[34mSat Sep 21 13:58:41 2024 |  DEBUG |      unknown | Main starting ...[0m

[34mSat Sep 21 13:58:43 2024 |  DEBUG |      unknown | Main starting ...[0m

[34mSat Sep 21 13:58:44 2024 |  DEBUG |      unknown | Main starting ...[0m

[34mSat Sep 21 13:58:46 2024 |  DEBUG |      unknown | Main starting ...[0m

[34mSat Sep 21 13:58:47 2024 |  DEBUG |      unknown | Main starting ...[0m

[34mSat Sep 21 13:58:48 2024 |  DEBUG |      unknown | Main starting ...[0m

[34mSat Sep 21 13:58:50 2024 |  DEBUG |      unknown | Main starting ...[0m

[34mSat Sep 21 13:58:51 2024 |  DEBUG |      unknown | Main starting ...[0m

[32mSat Sep 21 14:37:17 2024 |   INFO |      unknown | Main starting ...[0m

[34mSat Sep 21 14:37:19 2024 |  DEBUG |      unknown | Main starting ...[0m

[32mSat Sep 21 15:14:16 2024 |  INFO |      unknown | Main starting ...[0m

[34mSat Sep 21 15:14:17 2024 | DEBUG |      unknown | Main starting ...[0m

[32mSat Sep 21 15:30:44 2024 |  INFO |      unknown | Main starting ...[0m

[32mSat Sep 21 15:30:44 2024 |  INFO | 0x7ffd92280b30 | Main starting ...[0m

[34mSat Sep 21 15:30:45 2024 | DEBUG |      unknown | Main starting ...[0m

[34mSat Sep 21 15:30:46 2024 | DEBUG |      unknown | Main starting ...[0m

[34mSat Sep 21 15:30:48 2024 | DEBUG |      unknown | Main starting ...[0m

[34mSat Sep 21 15:30:49 2024 | DEBUG |      unknown | Main starting ...[0m

[34mSat Sep 21 15:30:51 2024 | DEBUG |      unknown | Main starting ...[0m

[32mSat Sep 21 15:30:53 2024 |  INFO |      unknown | Main starting ...[0m

[32mSat Sep 21 15:30:53 2024 |  INFO | 0x7fffc8c19740 | Main starting ...[0m

[32mSat Sep 21 15:42:54 2024 |  INFO |      unknown | Main starting ...[0m

[32mSat Sep 21 15:45:29 2024 |  INFO |      unknown | Main starting ...[0m

[32mSat Sep 21 15:45:29 2024 |  INFO | 0x7ffca25cf380 | Main starting ...[0m

[34mSat Sep 21 15:45:31 2024 | DEBUG |      unknown | Main starting ...[0m

[32mSat Sep 21 15:56:26 2024 |  INFO |      unknown | Main starting ...[0m

[32mSat Sep 21 15:56:26 2024 |  INFO | 0x7ffc022b35f0 | Main starting ...[0m

[34mSat Sep 21 15:56:28 2024 | DEBUG |      unknown | Main starting ...[0m

[34mSat Sep 21 15:56:29 2024 | DEBUG |      unknown | Main starting ...[0m

[32mSat Sep 21 16:01:07 2024 |  INFO |      unknown | Main starting ...[0m

[32mSat Sep 21 16:02:36 2024 |  INFO |      unknown | Main starting ...[0m

[32mSat Sep 21 16:03:18 2024 |  INFO |      unknown | Main starting ...[0m

[32mSat Sep 21 16:03:18 2024 |  INFO | ServerManager | Main starting ...[0m

[34mSat Sep 21 16:03:19 2024 | DEBUG |      unknown | Main starting ...[0m

[34mSat Sep 21 16:03:21 2024 | DEBUG |      unknown | Main starting ...[0m

[34mSat Sep 21 16:03:22 2024 | DEBUG |      unknown | Main starting ...[0m

[34mSat Sep 21 16:03:23 2024 | DEBUG |      unknown | Main starting ...[0m

